\BOOKMARK [0][-]{chapter*.2}{Introducci\363}{}% 1
\BOOKMARK [0][-]{chapter.1}{Compaginaci\363}{}% 2
\BOOKMARK [1][-]{section.1.1}{Paper i impressi\363}{chapter.1}% 3
\BOOKMARK [2][-]{subsection.1.1.1}{Paper}{section.1.1}% 4
\BOOKMARK [2][-]{subsection.1.1.2}{Impressi\363 a dues cares}{section.1.1}% 5
\BOOKMARK [1][-]{section.1.2}{Marges}{chapter.1}% 6
\BOOKMARK [1][-]{section.1.3}{Tipografia}{chapter.1}% 7
\BOOKMARK [2][-]{subsection.1.3.1}{Tipus de lletra}{section.1.3}% 8
\BOOKMARK [2][-]{subsection.1.3.2}{Interlineat}{section.1.3}% 9
\BOOKMARK [1][-]{section.1.4}{Numeraci\363 dels t\355tols}{chapter.1}% 10
\BOOKMARK [1][-]{section.1.5}{Encap\347alaments i n\372meros de p\340gina}{chapter.1}% 11
\BOOKMARK [1][-]{section.1.6}{Enquadernaci\363}{chapter.1}% 12
\BOOKMARK [0][-]{chapter.2}{Organitzaci\363 del treball}{}% 13
\BOOKMARK [1][-]{section.2.1}{P\340gines preliminars}{chapter.2}% 14
\BOOKMARK [2][-]{subsection.2.1.1}{Portada}{section.2.1}% 15
\BOOKMARK [2][-]{subsection.2.1.2}{Resum}{section.2.1}% 16
\BOOKMARK [2][-]{subsection.2.1.3}{Dedicat\362ria}{section.2.1}% 17
\BOOKMARK [2][-]{subsection.2.1.4}{\315ndex}{section.2.1}% 18
\BOOKMARK [1][-]{section.2.2}{Cos del treball}{chapter.2}% 19
\BOOKMARK [2][-]{subsection.2.2.1}{Introducci\363}{section.2.2}% 20
\BOOKMARK [2][-]{subsection.2.2.2}{Confecci\363 dels cap\355tols}{section.2.2}% 21
\BOOKMARK [2][-]{subsection.2.2.3}{F\363rmules, figures i taules}{section.2.2}% 22
\BOOKMARK [2][-]{subsection.2.2.4}{Estudi d'ambientalitzaci\363}{section.2.2}% 23
\BOOKMARK [2][-]{subsection.2.2.5}{Bibliografia}{section.2.2}% 24
\BOOKMARK [1][-]{section.2.3}{Ap\350ndixs}{chapter.2}% 25
\BOOKMARK [0][-]{chapter*.4}{Conclusions}{}% 26
\BOOKMARK [0][-]{chapter*.6}{Bibliografia}{}% 27
\BOOKMARK [0][-]{appendix.A}{Exemple de prova d'un ap\350ndix}{}% 28
