This is pdfTeX, Version 3.1415926-2.4-1.40.13 (MiKTeX 2.9) (preloaded format=pdflatex 2013.10.25)  8 DEC 2014 11:48
entering extended mode
**Report.tex
(H:\Projects\JavaForMC\Docs\Report\Report.tex
LaTeX2e <2011/06/27>
Babel <v3.8m> and hyphenation patterns for english, afrikaans, ancientgreek, ar
abic, armenian, assamese, basque, bengali, bokmal, bulgarian, catalan, coptic, 
croatian, czech, danish, dutch, esperanto, estonian, farsi, finnish, french, ga
lician, german, german-x-2012-05-30, greek, gujarati, hindi, hungarian, iceland
ic, indonesian, interlingua, irish, italian, kannada, kurmanji, latin, latvian,
 lithuanian, malayalam, marathi, mongolian, mongolianlmc, monogreek, ngerman, n
german-x-2012-05-30, nynorsk, oriya, panjabi, pinyin, polish, portuguese, roman
ian, russian, sanskrit, serbian, slovak, slovenian, spanish, swedish, swissgerm
an, tamil, telugu, turkish, turkmen, ukenglish, ukrainian, uppersorbian, usengl
ishmax, welsh, loaded.
(H:\Projects\JavaForMC\Docs\Report\setup/eetac_tfc_pfc.cls

LaTeX Warning: You have requested document class `setup/eetac_tfc_pfc',
               but the document class provides `eetac_tfc_pfc'.

Document Class: eetac_tfc_pfc 2012/07/01 v2.1 EETAC TFC/PFC document style
("C:\Program Files\MiKTeX 2.9\tex\latex\base\ifthen.sty"
Package: ifthen 2001/05/26 v1.1c Standard LaTeX ifthen package (DPC)
)
("C:\Program Files\MiKTeX 2.9\tex\latex\base\book.cls"
Document Class: book 2007/10/19 v1.4h Standard LaTeX document class
("C:\Program Files\MiKTeX 2.9\tex\latex\base\bk12.clo"
File: bk12.clo 2007/10/19 v1.4h Standard LaTeX file (size option)
)
\c@part=\count79
\c@chapter=\count80
\c@section=\count81
\c@subsection=\count82
\c@subsubsection=\count83
\c@paragraph=\count84
\c@subparagraph=\count85
\c@figure=\count86
\c@table=\count87
\abovecaptionskip=\skip41
\belowcaptionskip=\skip42
\bibindent=\dimen102
)
("C:\Program Files\MiKTeX 2.9\tex\latex\tools\calc.sty"
Package: calc 2007/08/22 v4.3 Infix arithmetic (KKT,FJ)
\calc@Acount=\count88
\calc@Bcount=\count89
\calc@Adimen=\dimen103
\calc@Bdimen=\dimen104
\calc@Askip=\skip43
\calc@Bskip=\skip44
LaTeX Info: Redefining \setlength on input line 76.
LaTeX Info: Redefining \addtolength on input line 77.
\calc@Ccount=\count90
\calc@Cskip=\skip45
)
("C:\Program Files\MiKTeX 2.9\tex\latex\psnfss\helvet.sty"
Package: helvet 2005/04/12 PSNFSS-v9.2a (WaS) 

("C:\Program Files\MiKTeX 2.9\tex\latex\graphics\keyval.sty"
Package: keyval 1999/03/16 v1.13 key=value parser (DPC)
\KV@toks@=\toks14
))
("C:\Program Files\MiKTeX 2.9\tex\latex\pslatex\pslatex.sty"
Package: pslatex 1996/07/24 v1.2 pslatex emulation (DPC)
LaTeX Font Info:    Redeclaring symbol font `operators' on input line 65.
LaTeX Font Info:    Overwriting symbol font `operators' in version `normal'
(Font)                  OT1/cmr/m/n --> OT1/ptmcm/m/n on input line 65.
LaTeX Font Info:    Overwriting symbol font `operators' in version `bold'
(Font)                  OT1/cmr/bx/n --> OT1/ptmcm/m/n on input line 65.
LaTeX Font Info:    Redeclaring symbol font `letters' on input line 66.
LaTeX Font Info:    Overwriting symbol font `letters' in version `normal'
(Font)                  OML/cmm/m/it --> OML/ptmcm/m/it on input line 66.
LaTeX Font Info:    Overwriting symbol font `letters' in version `bold'
(Font)                  OML/cmm/b/it --> OML/ptmcm/m/it on input line 66.
LaTeX Font Info:    Redeclaring symbol font `symbols' on input line 67.
LaTeX Font Info:    Overwriting symbol font `symbols' in version `normal'
(Font)                  OMS/cmsy/m/n --> OMS/pzccm/m/n on input line 67.
LaTeX Font Info:    Overwriting symbol font `symbols' in version `bold'
(Font)                  OMS/cmsy/b/n --> OMS/pzccm/m/n on input line 67.
LaTeX Font Info:    Redeclaring symbol font `largesymbols' on input line 68.
LaTeX Font Info:    Overwriting symbol font `largesymbols' in version `normal'
(Font)                  OMX/cmex/m/n --> OMX/psycm/m/n on input line 68.
LaTeX Font Info:    Overwriting symbol font `largesymbols' in version `bold'
(Font)                  OMX/cmex/m/n --> OMX/psycm/m/n on input line 68.
\symbold=\mathgroup4
\symitalic=\mathgroup5
LaTeX Font Info:    Redeclaring math alphabet \mathbf on input line 74.
LaTeX Font Info:    Overwriting math alphabet `\mathbf' in version `normal'
(Font)                  OT1/cmr/bx/n --> OT1/ptm/bx/n on input line 74.
LaTeX Font Info:    Overwriting math alphabet `\mathbf' in version `bold'
(Font)                  OT1/cmr/bx/n --> OT1/ptm/bx/n on input line 74.
LaTeX Font Info:    Redeclaring math alphabet \mathit on input line 75.
LaTeX Font Info:    Overwriting math alphabet `\mathit' in version `normal'
(Font)                  OT1/cmr/m/it --> OT1/ptm/m/it on input line 75.
LaTeX Font Info:    Overwriting math alphabet `\mathit' in version `bold'
(Font)                  OT1/cmr/bx/it --> OT1/ptm/m/it on input line 75.
)
("C:\Program Files\MiKTeX 2.9\tex\latex\fancyhdr\fancyhdr.sty"
\fancy@headwidth=\skip46
\f@ncyO@elh=\skip47
\f@ncyO@erh=\skip48
\f@ncyO@olh=\skip49
\f@ncyO@orh=\skip50
\f@ncyO@elf=\skip51
\f@ncyO@erf=\skip52
\f@ncyO@olf=\skip53
\f@ncyO@orf=\skip54
)
("C:\Program Files\MiKTeX 2.9\tex\latex\ltxmisc\nextpage.sty"
Package: nextpage 2009/09/03 v1.1a additional page commands
)
("C:\Program Files\MiKTeX 2.9\tex\latex\tocloft\tocloft.sty"
Package: tocloft 2013/05/02 v2.3f parameterised ToC, etc., typesetting
Package tocloft Info: The document has chapter divisions on input line 44.
\cftparskip=\skip55
\cftbeforetoctitleskip=\skip56
\cftaftertoctitleskip=\skip57
\cftbeforepartskip=\skip58
\cftpartnumwidth=\skip59
\cftpartindent=\skip60
\cftbeforechapskip=\skip61
\cftchapindent=\skip62
\cftchapnumwidth=\skip63
\cftbeforesecskip=\skip64
\cftsecindent=\skip65
\cftsecnumwidth=\skip66
\cftbeforesubsecskip=\skip67
\cftsubsecindent=\skip68
\cftsubsecnumwidth=\skip69
\cftbeforesubsubsecskip=\skip70
\cftsubsubsecindent=\skip71
\cftsubsubsecnumwidth=\skip72
\cftbeforeparaskip=\skip73
\cftparaindent=\skip74
\cftparanumwidth=\skip75
\cftbeforesubparaskip=\skip76
\cftsubparaindent=\skip77
\cftsubparanumwidth=\skip78
\cftbeforeloftitleskip=\skip79
\cftafterloftitleskip=\skip80
\cftbeforefigskip=\skip81
\cftfigindent=\skip82
\cftfignumwidth=\skip83
\cftbeforelottitleskip=\skip84
\cftafterlottitleskip=\skip85
\cftbeforetabskip=\skip86
\cfttabindent=\skip87
\cfttabnumwidth=\skip88
\cftbeforesubfigskip=\skip89
\cftsubfigindent=\skip90
\cftsubfignumwidth=\skip91
\cftbeforesubtabskip=\skip92
\cftsubtabindent=\skip93
\cftsubtabnumwidth=\skip94
)
("C:\Program Files\MiKTeX 2.9\tex\latex\graphics\graphicx.sty"
Package: graphicx 1999/02/16 v1.0f Enhanced LaTeX Graphics (DPC,SPQR)

("C:\Program Files\MiKTeX 2.9\tex\latex\graphics\graphics.sty"
Package: graphics 2009/02/05 v1.0o Standard LaTeX Graphics (DPC,SPQR)

("C:\Program Files\MiKTeX 2.9\tex\latex\graphics\trig.sty"
Package: trig 1999/03/16 v1.09 sin cos tan (DPC)
)
("C:\Program Files\MiKTeX 2.9\tex\latex\00miktex\graphics.cfg"
File: graphics.cfg 2007/01/18 v1.5 graphics configuration of teTeX/TeXLive
)
Package graphics Info: Driver file: pdftex.def on input line 91.

("C:\Program Files\MiKTeX 2.9\tex\latex\pdftex-def\pdftex.def"
File: pdftex.def 2011/05/27 v0.06d Graphics/color for pdfTeX

("C:\Program Files\MiKTeX 2.9\tex\generic\oberdiek\infwarerr.sty"
Package: infwarerr 2010/04/08 v1.3 Providing info/warning/error messages (HO)
)
("C:\Program Files\MiKTeX 2.9\tex\generic\oberdiek\ltxcmds.sty"
Package: ltxcmds 2011/11/09 v1.22 LaTeX kernel commands for general use (HO)
)
\Gread@gobject=\count91
))
\Gin@req@height=\dimen105
\Gin@req@width=\dimen106
)
("C:\Program Files\MiKTeX 2.9\tex\latex\ltxmisc\url.sty"
\Urlmuskip=\muskip10
Package: url 2006/04/12  ver 3.3  Verb mode for urls, etc.
)
\logoEPSCheight=\skip95
\logoEPSC=\box26

<./setup/EETAC-positiu-negre.png, id=1, 640.3925pt x 170.6375pt>
File: ./setup/EETAC-positiu-negre.png Graphic file (type png)

<use ./setup/EETAC-positiu-negre.png>
Package pdftex.def Info: ./setup/EETAC-positiu-negre.png used on input line 211
.
(pdftex.def)             Requested size: 160.16612pt x 42.67912pt.
\Lautors=\skip96
\Ldirectors=\skip97
\normalparskip=\skip98
\normalparindent=\skip99
)
("C:\Program Files\MiKTeX 2.9\tex\generic\babel\babel.sty"
Package: babel 2008/07/08 v3.8m The Babel package

*************************************
* Local config file bblopts.cfg used
*
("C:\Program Files\MiKTeX 2.9\tex\latex\00miktex\bblopts.cfg"
File: bblopts.cfg 2006/07/31 v1.0 MiKTeX 'babel' configuration
)
("C:\Program Files\MiKTeX 2.9\tex\generic\babel\catalan.ldf"
Language: catalan 2005/03/29 v2.2p Catalan support from the babel system

("C:\Program Files\MiKTeX 2.9\tex\generic\babel\babel.def"
File: babel.def 2008/07/08 v3.8m Babel common definitions
\babel@savecnt=\count92
\U@D=\dimen107
)
Package babel Info: Making " an active character on input line 91.
Warning: You are using encoding OT1 instead of T1.
Some word breaks will not be found.
\leftllkern=\dimen108
\rightllkern=\dimen109
\raiselldim=\dimen110
)
("C:\Program Files\MiKTeX 2.9\tex\generic\babel\english.ldf"
Language: english 2005/03/30 v3.3o English support from the babel system
\l@canadian = a dialect from \language\l@american 
\l@australian = a dialect from \language\l@british 
\l@newzealand = a dialect from \language\l@british 
))
("C:\Program Files\MiKTeX 2.9\tex\latex\base\inputenc.sty"
Package: inputenc 2008/03/30 v1.1d Input encoding file
\inpenc@prehook=\toks15
\inpenc@posthook=\toks16

("C:\Program Files\MiKTeX 2.9\tex\latex\base\utf8.def"
File: utf8.def 2008/04/05 v1.1m UTF-8 support for inputenc
Now handling font encoding OML ...
... no UTF-8 mapping file for font encoding OML
Now handling font encoding T1 ...
... processing UTF-8 mapping file for font encoding T1

("C:\Program Files\MiKTeX 2.9\tex\latex\base\t1enc.dfu"
File: t1enc.dfu 2008/04/05 v1.1m UTF-8 support for inputenc
   defining Unicode char U+00A1 (decimal 161)
   defining Unicode char U+00A3 (decimal 163)
   defining Unicode char U+00AB (decimal 171)
   defining Unicode char U+00BB (decimal 187)
   defining Unicode char U+00BF (decimal 191)
   defining Unicode char U+00C0 (decimal 192)
   defining Unicode char U+00C1 (decimal 193)
   defining Unicode char U+00C2 (decimal 194)
   defining Unicode char U+00C3 (decimal 195)
   defining Unicode char U+00C4 (decimal 196)
   defining Unicode char U+00C5 (decimal 197)
   defining Unicode char U+00C6 (decimal 198)
   defining Unicode char U+00C7 (decimal 199)
   defining Unicode char U+00C8 (decimal 200)
   defining Unicode char U+00C9 (decimal 201)
   defining Unicode char U+00CA (decimal 202)
   defining Unicode char U+00CB (decimal 203)
   defining Unicode char U+00CC (decimal 204)
   defining Unicode char U+00CD (decimal 205)
   defining Unicode char U+00CE (decimal 206)
   defining Unicode char U+00CF (decimal 207)
   defining Unicode char U+00D0 (decimal 208)
   defining Unicode char U+00D1 (decimal 209)
   defining Unicode char U+00D2 (decimal 210)
   defining Unicode char U+00D3 (decimal 211)
   defining Unicode char U+00D4 (decimal 212)
   defining Unicode char U+00D5 (decimal 213)
   defining Unicode char U+00D6 (decimal 214)
   defining Unicode char U+00D8 (decimal 216)
   defining Unicode char U+00D9 (decimal 217)
   defining Unicode char U+00DA (decimal 218)
   defining Unicode char U+00DB (decimal 219)
   defining Unicode char U+00DC (decimal 220)
   defining Unicode char U+00DD (decimal 221)
   defining Unicode char U+00DE (decimal 222)
   defining Unicode char U+00DF (decimal 223)
   defining Unicode char U+00E0 (decimal 224)
   defining Unicode char U+00E1 (decimal 225)
   defining Unicode char U+00E2 (decimal 226)
   defining Unicode char U+00E3 (decimal 227)
   defining Unicode char U+00E4 (decimal 228)
   defining Unicode char U+00E5 (decimal 229)
   defining Unicode char U+00E6 (decimal 230)
   defining Unicode char U+00E7 (decimal 231)
   defining Unicode char U+00E8 (decimal 232)
   defining Unicode char U+00E9 (decimal 233)
   defining Unicode char U+00EA (decimal 234)
   defining Unicode char U+00EB (decimal 235)
   defining Unicode char U+00EC (decimal 236)
   defining Unicode char U+00ED (decimal 237)
   defining Unicode char U+00EE (decimal 238)
   defining Unicode char U+00EF (decimal 239)
   defining Unicode char U+00F0 (decimal 240)
   defining Unicode char U+00F1 (decimal 241)
   defining Unicode char U+00F2 (decimal 242)
   defining Unicode char U+00F3 (decimal 243)
   defining Unicode char U+00F4 (decimal 244)
   defining Unicode char U+00F5 (decimal 245)
   defining Unicode char U+00F6 (decimal 246)
   defining Unicode char U+00F8 (decimal 248)
   defining Unicode char U+00F9 (decimal 249)
   defining Unicode char U+00FA (decimal 250)
   defining Unicode char U+00FB (decimal 251)
   defining Unicode char U+00FC (decimal 252)
   defining Unicode char U+00FD (decimal 253)
   defining Unicode char U+00FE (decimal 254)
   defining Unicode char U+00FF (decimal 255)
   defining Unicode char U+0102 (decimal 258)
   defining Unicode char U+0103 (decimal 259)
   defining Unicode char U+0104 (decimal 260)
   defining Unicode char U+0105 (decimal 261)
   defining Unicode char U+0106 (decimal 262)
   defining Unicode char U+0107 (decimal 263)
   defining Unicode char U+010C (decimal 268)
   defining Unicode char U+010D (decimal 269)
   defining Unicode char U+010E (decimal 270)
   defining Unicode char U+010F (decimal 271)
   defining Unicode char U+0110 (decimal 272)
   defining Unicode char U+0111 (decimal 273)
   defining Unicode char U+0118 (decimal 280)
   defining Unicode char U+0119 (decimal 281)
   defining Unicode char U+011A (decimal 282)
   defining Unicode char U+011B (decimal 283)
   defining Unicode char U+011E (decimal 286)
   defining Unicode char U+011F (decimal 287)
   defining Unicode char U+0130 (decimal 304)
   defining Unicode char U+0131 (decimal 305)
   defining Unicode char U+0132 (decimal 306)
   defining Unicode char U+0133 (decimal 307)
   defining Unicode char U+0139 (decimal 313)
   defining Unicode char U+013A (decimal 314)
   defining Unicode char U+013D (decimal 317)
   defining Unicode char U+013E (decimal 318)
   defining Unicode char U+0141 (decimal 321)
   defining Unicode char U+0142 (decimal 322)
   defining Unicode char U+0143 (decimal 323)
   defining Unicode char U+0144 (decimal 324)
   defining Unicode char U+0147 (decimal 327)
   defining Unicode char U+0148 (decimal 328)
   defining Unicode char U+014A (decimal 330)
   defining Unicode char U+014B (decimal 331)
   defining Unicode char U+0150 (decimal 336)
   defining Unicode char U+0151 (decimal 337)
   defining Unicode char U+0152 (decimal 338)
   defining Unicode char U+0153 (decimal 339)
   defining Unicode char U+0154 (decimal 340)
   defining Unicode char U+0155 (decimal 341)
   defining Unicode char U+0158 (decimal 344)
   defining Unicode char U+0159 (decimal 345)
   defining Unicode char U+015A (decimal 346)
   defining Unicode char U+015B (decimal 347)
   defining Unicode char U+015E (decimal 350)
   defining Unicode char U+015F (decimal 351)
   defining Unicode char U+0160 (decimal 352)
   defining Unicode char U+0161 (decimal 353)
   defining Unicode char U+0162 (decimal 354)
   defining Unicode char U+0163 (decimal 355)
   defining Unicode char U+0164 (decimal 356)
   defining Unicode char U+0165 (decimal 357)
   defining Unicode char U+016E (decimal 366)
   defining Unicode char U+016F (decimal 367)
   defining Unicode char U+0170 (decimal 368)
   defining Unicode char U+0171 (decimal 369)
   defining Unicode char U+0178 (decimal 376)
   defining Unicode char U+0179 (decimal 377)
   defining Unicode char U+017A (decimal 378)
   defining Unicode char U+017B (decimal 379)
   defining Unicode char U+017C (decimal 380)
   defining Unicode char U+017D (decimal 381)
   defining Unicode char U+017E (decimal 382)
   defining Unicode char U+200C (decimal 8204)
   defining Unicode char U+2013 (decimal 8211)
   defining Unicode char U+2014 (decimal 8212)
   defining Unicode char U+2018 (decimal 8216)
   defining Unicode char U+2019 (decimal 8217)
   defining Unicode char U+201A (decimal 8218)
   defining Unicode char U+201C (decimal 8220)
   defining Unicode char U+201D (decimal 8221)
   defining Unicode char U+201E (decimal 8222)
   defining Unicode char U+2030 (decimal 8240)
   defining Unicode char U+2031 (decimal 8241)
   defining Unicode char U+2039 (decimal 8249)
   defining Unicode char U+203A (decimal 8250)
   defining Unicode char U+2423 (decimal 9251)
)
Now handling font encoding OT1 ...
... processing UTF-8 mapping file for font encoding OT1

("C:\Program Files\MiKTeX 2.9\tex\latex\base\ot1enc.dfu"
File: ot1enc.dfu 2008/04/05 v1.1m UTF-8 support for inputenc
   defining Unicode char U+00A1 (decimal 161)
   defining Unicode char U+00A3 (decimal 163)
   defining Unicode char U+00B8 (decimal 184)
   defining Unicode char U+00BF (decimal 191)
   defining Unicode char U+00C5 (decimal 197)
   defining Unicode char U+00C6 (decimal 198)
   defining Unicode char U+00D8 (decimal 216)
   defining Unicode char U+00DF (decimal 223)
   defining Unicode char U+00E6 (decimal 230)
   defining Unicode char U+00EC (decimal 236)
   defining Unicode char U+00ED (decimal 237)
   defining Unicode char U+00EE (decimal 238)
   defining Unicode char U+00EF (decimal 239)
   defining Unicode char U+00F8 (decimal 248)
   defining Unicode char U+0131 (decimal 305)
   defining Unicode char U+0141 (decimal 321)
   defining Unicode char U+0142 (decimal 322)
   defining Unicode char U+0152 (decimal 338)
   defining Unicode char U+0153 (decimal 339)
   defining Unicode char U+2013 (decimal 8211)
   defining Unicode char U+2014 (decimal 8212)
   defining Unicode char U+2018 (decimal 8216)
   defining Unicode char U+2019 (decimal 8217)
   defining Unicode char U+201C (decimal 8220)
   defining Unicode char U+201D (decimal 8221)
)
Now handling font encoding OMS ...
... processing UTF-8 mapping file for font encoding OMS

("C:\Program Files\MiKTeX 2.9\tex\latex\base\omsenc.dfu"
File: omsenc.dfu 2008/04/05 v1.1m UTF-8 support for inputenc
   defining Unicode char U+00A7 (decimal 167)
   defining Unicode char U+00B6 (decimal 182)
   defining Unicode char U+00B7 (decimal 183)
   defining Unicode char U+2020 (decimal 8224)
   defining Unicode char U+2021 (decimal 8225)
   defining Unicode char U+2022 (decimal 8226)
)
Now handling font encoding OMX ...
... no UTF-8 mapping file for font encoding OMX
Now handling font encoding U ...
... no UTF-8 mapping file for font encoding U
   defining Unicode char U+00A9 (decimal 169)
   defining Unicode char U+00AA (decimal 170)
   defining Unicode char U+00AE (decimal 174)
   defining Unicode char U+00BA (decimal 186)
   defining Unicode char U+02C6 (decimal 710)
   defining Unicode char U+02DC (decimal 732)
   defining Unicode char U+200C (decimal 8204)
   defining Unicode char U+2026 (decimal 8230)
   defining Unicode char U+2122 (decimal 8482)
   defining Unicode char U+2423 (decimal 9251)
))
("C:\Program Files\MiKTeX 2.9\tex\latex\amsfonts\amssymb.sty"
Package: amssymb 2013/01/14 v3.01 AMS font symbols

("C:\Program Files\MiKTeX 2.9\tex\latex\amsfonts\amsfonts.sty"
Package: amsfonts 2013/01/14 v3.01 Basic AMSFonts support
\@emptytoks=\toks17
\symAMSa=\mathgroup6
\symAMSb=\mathgroup7
LaTeX Font Info:    Overwriting math alphabet `\mathfrak' in version `bold'
(Font)                  U/euf/m/n --> U/euf/b/n on input line 106.
))
("C:\Program Files\MiKTeX 2.9\tex\latex\amsmath\amsmath.sty"
Package: amsmath 2013/01/14 v2.14 AMS math features
\@mathmargin=\skip100

For additional information on amsmath, use the `?' option.
("C:\Program Files\MiKTeX 2.9\tex\latex\amsmath\amstext.sty"
Package: amstext 2000/06/29 v2.01

("C:\Program Files\MiKTeX 2.9\tex\latex\amsmath\amsgen.sty"
File: amsgen.sty 1999/11/30 v2.0
\@emptytoks=\toks18
\ex@=\dimen111
))
("C:\Program Files\MiKTeX 2.9\tex\latex\amsmath\amsbsy.sty"
Package: amsbsy 1999/11/29 v1.2d
\pmbraise@=\dimen112
)
("C:\Program Files\MiKTeX 2.9\tex\latex\amsmath\amsopn.sty"
Package: amsopn 1999/12/14 v2.01 operator names
)
\inf@bad=\count93
LaTeX Info: Redefining \frac on input line 210.
\uproot@=\count94
\leftroot@=\count95
LaTeX Info: Redefining \overline on input line 306.
\classnum@=\count96
\DOTSCASE@=\count97
LaTeX Info: Redefining \ldots on input line 378.
LaTeX Info: Redefining \dots on input line 381.
LaTeX Info: Redefining \cdots on input line 466.
\Mathstrutbox@=\box27
\strutbox@=\box28
\big@size=\dimen113
LaTeX Font Info:    Redeclaring font encoding OML on input line 566.
LaTeX Font Info:    Redeclaring font encoding OMS on input line 567.
\macc@depth=\count98
\c@MaxMatrixCols=\count99
\dotsspace@=\muskip11
\c@parentequation=\count100
\dspbrk@lvl=\count101
\tag@help=\toks19
\row@=\count102
\column@=\count103
\maxfields@=\count104
\andhelp@=\toks20
\eqnshift@=\dimen114
\alignsep@=\dimen115
\tagshift@=\dimen116
\tagwidth@=\dimen117
\totwidth@=\dimen118
\lineht@=\dimen119
\@envbody=\toks21
\multlinegap=\skip101
\multlinetaggap=\skip102
\mathdisplay@stack=\toks22
LaTeX Info: Redefining \[ on input line 2665.
LaTeX Info: Redefining \] on input line 2666.
)
("C:\Program Files\MiKTeX 2.9\tex\latex\tools\array.sty"
Package: array 2008/09/09 v2.4c Tabular extension package (FMi)
\col@sep=\dimen120
\extrarowheight=\dimen121
\NC@list=\toks23
\extratabsurround=\skip103
\backup@length=\skip104
)
("C:\Program Files\MiKTeX 2.9\tex\latex\multirow\multirow.sty"
\bigstrutjot=\dimen122
)
("C:\Program Files\MiKTeX 2.9\tex\latex\tools\longtable.sty"
Package: longtable 2004/02/01 v4.11 Multi-page Table package (DPC)
\LTleft=\skip105
\LTright=\skip106
\LTpre=\skip107
\LTpost=\skip108
\LTchunksize=\count105
\LTcapwidth=\dimen123
\LT@head=\box29
\LT@firsthead=\box30
\LT@foot=\box31
\LT@lastfoot=\box32
\LT@cols=\count106
\LT@rows=\count107
\c@LT@tables=\count108
\c@LT@chunks=\count109
\LT@p@ftn=\toks24
)
("C:\Program Files\MiKTeX 2.9\tex\latex\hyperref\hyperref.sty"
Package: hyperref 2012/11/06 v6.83m Hypertext links for LaTeX

("C:\Program Files\MiKTeX 2.9\tex\generic\oberdiek\hobsub-hyperref.sty"
Package: hobsub-hyperref 2012/04/25 v1.12 Bundle oberdiek, subset hyperref (HO)


("C:\Program Files\MiKTeX 2.9\tex\generic\oberdiek\hobsub-generic.sty"
Package: hobsub-generic 2012/04/25 v1.12 Bundle oberdiek, subset generic (HO)
Package: hobsub 2012/04/25 v1.12 Construct package bundles (HO)
Package hobsub Info: Skipping package `infwarerr' (already loaded).
Package hobsub Info: Skipping package `ltxcmds' (already loaded).
Package: ifluatex 2010/03/01 v1.3 Provides the ifluatex switch (HO)
Package ifluatex Info: LuaTeX not detected.
Package: ifvtex 2010/03/01 v1.5 Detect VTeX and its facilities (HO)
Package ifvtex Info: VTeX not detected.
Package: intcalc 2007/09/27 v1.1 Expandable calculations with integers (HO)
Package: ifpdf 2011/01/30 v2.3 Provides the ifpdf switch (HO)
Package ifpdf Info: pdfTeX in PDF mode is detected.
Package: etexcmds 2011/02/16 v1.5 Avoid name clashes with e-TeX commands (HO)
Package etexcmds Info: Could not find \expanded.
(etexcmds)             That can mean that you are not using pdfTeX 1.50 or
(etexcmds)             that some package has redefined \expanded.
(etexcmds)             In the latter case, load this package earlier.
Package: kvsetkeys 2012/04/25 v1.16 Key value parser (HO)
Package: kvdefinekeys 2011/04/07 v1.3 Define keys (HO)
Package: pdftexcmds 2011/11/29 v0.20 Utility functions of pdfTeX for LuaTeX (HO
)
Package pdftexcmds Info: LuaTeX not detected.
Package pdftexcmds Info: \pdf@primitive is available.
Package pdftexcmds Info: \pdf@ifprimitive is available.
Package pdftexcmds Info: \pdfdraftmode found.
Package: pdfescape 2011/11/25 v1.13 Implements pdfTeX's escape features (HO)
Package: bigintcalc 2012/04/08 v1.3 Expandable calculations on big integers (HO
)
Package: bitset 2011/01/30 v1.1 Handle bit-vector datatype (HO)
Package: uniquecounter 2011/01/30 v1.2 Provide unlimited unique counter (HO)
)
Package hobsub Info: Skipping package `hobsub' (already loaded).
Package: letltxmacro 2010/09/02 v1.4 Let assignment for LaTeX macros (HO)
Package: hopatch 2011/06/24 v1.1 Wrapper for package hooks (HO)
Package: xcolor-patch 2011/01/30 xcolor patch
Package: atveryend 2011/06/30 v1.8 Hooks at the very end of document (HO)
Package atveryend Info: \enddocument detected (standard20110627).
Package: atbegshi 2011/10/05 v1.16 At begin shipout hook (HO)
Package: refcount 2011/10/16 v3.4 Data extraction from label references (HO)
Package: hycolor 2011/01/30 v1.7 Color options for hyperref/bookmark (HO)
)
("C:\Program Files\MiKTeX 2.9\tex\generic\ifxetex\ifxetex.sty"
Package: ifxetex 2010/09/12 v0.6 Provides ifxetex conditional
)
("C:\Program Files\MiKTeX 2.9\tex\latex\oberdiek\auxhook.sty"
Package: auxhook 2011/03/04 v1.3 Hooks for auxiliary files (HO)
)
("C:\Program Files\MiKTeX 2.9\tex\latex\oberdiek\kvoptions.sty"
Package: kvoptions 2011/06/30 v3.11 Key value format for package options (HO)
)
\@linkdim=\dimen124
\Hy@linkcounter=\count110
\Hy@pagecounter=\count111

("C:\Program Files\MiKTeX 2.9\tex\latex\hyperref\pd1enc.def"
File: pd1enc.def 2012/11/06 v6.83m Hyperref: PDFDocEncoding definition (HO)
Now handling font encoding PD1 ...
... no UTF-8 mapping file for font encoding PD1
)
\Hy@SavedSpaceFactor=\count112

("C:\Program Files\MiKTeX 2.9\tex\latex\00miktex\hyperref.cfg"
File: hyperref.cfg 2002/06/06 v1.2 hyperref configuration of TeXLive
)
Package hyperref Info: Option `final' set `true' on input line 4319.
Package hyperref Info: Option `pdfdisplaydoctitle' set `true' on input line 431
9.
Package hyperref Info: Option `plainpages' set `false' on input line 4319.
Package hyperref Info: Option `linktocpage' set `true' on input line 4319.
Package hyperref Info: Option `colorlinks' set `true' on input line 4319.
Package hyperref Info: Option `hyperfootnotes' set `false' on input line 4319.
Package hyperref Info: Option `pdfpagelabels' set `true' on input line 4319.
Package hyperref Info: Hyper figures OFF on input line 4443.
Package hyperref Info: Link nesting OFF on input line 4448.
Package hyperref Info: Hyper index ON on input line 4451.
Package hyperref Info: Plain pages OFF on input line 4458.
Package hyperref Info: Backreferencing ON on input line 4461.
Package hyperref Info: Implicit mode ON; LaTeX internals redefined.
Package hyperref Info: Bookmarks ON on input line 4688.

("C:\Program Files\MiKTeX 2.9\tex\latex\hyperref\backref.sty"
Package: backref 2012/07/25 v1.38 Bibliographical back referencing

("C:\Program Files\MiKTeX 2.9\tex\latex\oberdiek\rerunfilecheck.sty"
Package: rerunfilecheck 2011/04/15 v1.7 Rerun checks for auxiliary files (HO)
Package uniquecounter Info: New unique counter `rerunfilecheck' on input line 2
82.
))
\c@Hy@tempcnt=\count113
LaTeX Info: Redefining \url on input line 5041.
\XeTeXLinkMargin=\dimen125
\Fld@menulength=\count114
\Field@Width=\dimen126
\Fld@charsize=\dimen127
Package hyperref Info: Hyper figures OFF on input line 6295.
Package hyperref Info: Link nesting OFF on input line 6300.
Package hyperref Info: Hyper index ON on input line 6303.
Package hyperref Info: backreferencing ON on input line 6308.
Package hyperref Info: Link coloring ON on input line 6313.
Package hyperref Info: Link coloring with OCG OFF on input line 6320.
Package hyperref Info: PDF/A mode OFF on input line 6325.
LaTeX Info: Redefining \ref on input line 6365.
LaTeX Info: Redefining \pageref on input line 6369.
\Hy@abspage=\count115
\c@Item=\count116
)

Package hyperref Message: Driver (autodetected): hpdftex.

("C:\Program Files\MiKTeX 2.9\tex\latex\hyperref\hpdftex.def"
File: hpdftex.def 2012/11/06 v6.83m Hyperref driver for pdfTeX
\Fld@listcount=\count117
\c@bookmark@seq@number=\count118
\Hy@SectionHShift=\skip109
)
("C:\Program Files\MiKTeX 2.9\tex\latex\breakurl\breakurl.sty"
Package: breakurl 2013/04/10 v1.40 Breakable hyperref URLs

("C:\Program Files\MiKTeX 2.9\tex\latex\xkeyval\xkeyval.sty"
Package: xkeyval 2012/10/14 v2.6b package option processing (HA)

("C:\Program Files\MiKTeX 2.9\tex\generic\xkeyval\xkeyval.tex"
\XKV@toks=\toks25
\XKV@tempa@toks=\toks26
\XKV@depth=\count119
File: xkeyval.tex 2012/10/14 v2.6b key=value parser (HA)
))

Package breakurl Warning: You are using breakurl while processing via pdflatex.

(breakurl)                \burl will be just a synonym of \url.
(breakurl)                 on input line 48.

) ("C:\Program Files\MiKTeX 2.9\tex\latex\subfigmat\subfigmat.sty"
Package: subfigmat 1999/02/27 v1.0 Subfigure Matrix Package

("C:\Program Files\MiKTeX 2.9\tex\latex\subfigure\subfigure.sty"
Package: subfigure 2002/07/30 v2.1.4 subfigure package
\subfigtopskip=\skip110
\subfigcapskip=\skip111
\subfigcaptopadj=\dimen128
\subfigbottomskip=\skip112
\subfigcapmargin=\dimen129
\subfiglabelskip=\skip113
\c@subfigure=\count120
\c@lofdepth=\count121
\c@subtable=\count122
\c@lotdepth=\count123

****************************************
* Local config file subfigure.cfg used *
****************************************
("C:\Program Files\MiKTeX 2.9\tex\latex\subfigure\subfigure.cfg")
\subfig@top=\skip114
\subfig@bottom=\skip115
)
\sfm@width=\skip116
\sfmcolsep=\skip117
\c@sfm@count=\count124
)
(H:\Projects\JavaForMC\Docs\Report\setup/dades.tex
\logoheight=\skip118
\logo=\box33
File: ./setup/EETAC-positiu-negre.png Graphic file (type png)

<use ./setup/EETAC-positiu-negre.png>
Package pdftex.def Info: ./setup/EETAC-positiu-negre.png used on input line 121
.
(pdftex.def)             Requested size: 160.16612pt x 42.67912pt.
)
(H:\Projects\JavaForMC\Docs\Report\setup/user-macros.tex
\c@num_hyp=\count125
)
(H:\Projects\JavaForMC\Docs\Report\setup/hyphenation.tex)
(H:\Projects\JavaForMC\Docs\Report\Report.aux)
LaTeX Font Info:    Checking defaults for OML/cmm/m/it on input line 130.
LaTeX Font Info:    ... okay on input line 130.
LaTeX Font Info:    Checking defaults for T1/cmr/m/n on input line 130.
LaTeX Font Info:    ... okay on input line 130.
LaTeX Font Info:    Checking defaults for OT1/cmr/m/n on input line 130.
LaTeX Font Info:    ... okay on input line 130.
LaTeX Font Info:    Checking defaults for OMS/pzccm/m/n on input line 130.
LaTeX Font Info:    Try loading font information for OMS+pzccm on input line 13
0.

("C:\Program Files\MiKTeX 2.9\tex\latex\psnfss\omspzccm.fd"
File: omspzccm.fd 2000/01/03 Fontinst v1.801 font definitions for OMS/pzccm.
)
LaTeX Font Info:    ... okay on input line 130.
LaTeX Font Info:    Checking defaults for OMX/cmex/m/n on input line 130.
LaTeX Font Info:    ... okay on input line 130.
LaTeX Font Info:    Checking defaults for U/cmr/m/n on input line 130.
LaTeX Font Info:    ... okay on input line 130.
LaTeX Font Info:    Checking defaults for PD1/pdf/m/n on input line 130.
LaTeX Font Info:    ... okay on input line 130.
LaTeX Font Info:    Font shape `OT1/phv/m/n' will be
(Font)              scaled to size 10.79993pt on input line 130.

("C:\Program Files\MiKTeX 2.9\tex\context\base\supp-pdf.mkii"
[Loading MPS to PDF converter (version 2006.09.02).]
\scratchcounter=\count126
\scratchdimen=\dimen130
\scratchbox=\box34
\nofMPsegments=\count127
\nofMParguments=\count128
\everyMPshowfont=\toks27
\MPscratchCnt=\count129
\MPscratchDim=\dimen131
\MPnumerator=\count130
\makeMPintoPDFobject=\count131
\everyMPtoPDFconversion=\toks28
)
LaTeX Info: Redefining \l on input line 130.
LaTeX Info: Redefining \L on input line 130.
\AtBeginShipoutBox=\box35
 ("C:\Program Files\MiKTeX 2.9\tex\latex\graphics\color.sty"
Package: color 2005/11/14 v1.0j Standard LaTeX Color (DPC)

("C:\Program Files\MiKTeX 2.9\tex\latex\00miktex\color.cfg"
File: color.cfg 2007/01/18 v1.5 color configuration of teTeX/TeXLive
)
Package color Info: Driver file: pdftex.def on input line 130.
)
Package hyperref Info: Link coloring ON on input line 130.

("C:\Program Files\MiKTeX 2.9\tex\latex\hyperref\nameref.sty"
Package: nameref 2012/10/27 v2.43 Cross-referencing by name of section

("C:\Program Files\MiKTeX 2.9\tex\generic\oberdiek\gettitlestring.sty"
Package: gettitlestring 2010/12/03 v1.4 Cleanup title references (HO)
)
\c@section@level=\count132
)
LaTeX Info: Redefining \ref on input line 130.
LaTeX Info: Redefining \pageref on input line 130.
LaTeX Info: Redefining \nameref on input line 130.

(H:\Projects\JavaForMC\Docs\Report\Report.out)
(H:\Projects\JavaForMC\Docs\Report\Report.out)
\@outlinefile=\write3
LaTeX Font Info:    Font shape `OT1/phv/bx/n' in size <12> not available
(Font)              Font shape `OT1/phv/b/n' tried instead on input line 135.
LaTeX Font Info:    Font shape `OT1/phv/b/n' will be
(Font)              scaled to size 10.79993pt on input line 135.
LaTeX Font Info:    Try loading font information for OT1+ptmcm on input line 13
5.

("C:\Program Files\MiKTeX 2.9\tex\latex\psnfss\ot1ptmcm.fd"
File: ot1ptmcm.fd 2000/01/03 Fontinst v1.801 font definitions for OT1/ptmcm.
)
LaTeX Font Info:    Try loading font information for OML+ptmcm on input line 13
5.

("C:\Program Files\MiKTeX 2.9\tex\latex\psnfss\omlptmcm.fd"
File: omlptmcm.fd 2000/01/03 Fontinst v1.801 font definitions for OML/ptmcm.
)
LaTeX Font Info:    Try loading font information for OMX+psycm on input line 13
5.

("C:\Program Files\MiKTeX 2.9\tex\latex\psnfss\omxpsycm.fd"
File: omxpsycm.fd 2000/01/03 Fontinst v1.801 font definitions for OMX/psycm.
)
LaTeX Font Info:    Font shape `OT1/ptm/bx/n' in size <12> not available
(Font)              Font shape `OT1/ptm/b/n' tried instead on input line 135.
LaTeX Font Info:    Font shape `OT1/ptm/bx/n' in size <9> not available
(Font)              Font shape `OT1/ptm/b/n' tried instead on input line 135.
LaTeX Font Info:    Font shape `OT1/ptm/bx/n' in size <7> not available
(Font)              Font shape `OT1/ptm/b/n' tried instead on input line 135.
LaTeX Font Info:    Try loading font information for U+msa on input line 135.

("C:\Program Files\MiKTeX 2.9\tex\latex\amsfonts\umsa.fd"
File: umsa.fd 2013/01/14 v3.01 AMS symbols A
)
LaTeX Font Info:    Try loading font information for U+msb on input line 135.

("C:\Program Files\MiKTeX 2.9\tex\latex\amsfonts\umsb.fd"
File: umsb.fd 2013/01/14 v3.01 AMS symbols B
)
LaTeX Font Info:    Font shape `OT1/phv/m/n' will be
(Font)              scaled to size 22.39185pt on input line 135.
LaTeX Font Info:    Font shape `OT1/phv/bx/n' in size <24.88> not available
(Font)              Font shape `OT1/phv/b/n' tried instead on input line 135.
LaTeX Font Info:    Font shape `OT1/phv/b/n' will be
(Font)              scaled to size 22.39185pt on input line 135.

Underfull \hbox (badness 10000) in paragraph at lines 135--135

 []


Overfull \hbox (6.79999pt too wide) in paragraph at lines 135--135
[]|[]| 
 []


Overfull \hbox (12.0pt too wide) in paragraph at lines 135--135
[][] 
 []

[1

{C:/ProgramData/MiKTeX/2.9/pdftex/config/pdftex.map} <H:/Projects/JavaForMC/Doc
s/Report/setup/EETAC-positiu-negre.png>] [2

]
\Hresum=\skip119

Overfull \hbox (12.79999pt too wide) in paragraph at lines 145--145
 [] 
 []


Overfull \hbox (12.79999pt too wide) in paragraph at lines 145--147
[][] 
 []

[3] [4

]
\Hoverview=\skip120

Overfull \hbox (12.79999pt too wide) in paragraph at lines 151--151
 [] 
 []


Overfull \hbox (12.79999pt too wide) in paragraph at lines 151--153
[][] 
 []

[5] [6

] [7] [8

]
LaTeX Font Info:    Font shape `OT1/phv/m/n' will be
(Font)              scaled to size 18.66588pt on input line 168.
LaTeX Font Info:    Font shape `OT1/phv/bx/n' in size <20.74> not available
(Font)              Font shape `OT1/phv/b/n' tried instead on input line 168.
LaTeX Font Info:    Font shape `OT1/phv/b/n' will be
(Font)              scaled to size 18.66588pt on input line 168.

Underfull \hbox (badness 10000) in paragraph at lines 168--168

 []

(H:\Projects\JavaForMC\Docs\Report\Report.toc
LaTeX Font Info:    Font shape `OT1/phv/m/n' will be
(Font)              scaled to size 12.9599pt on input line 6.
LaTeX Font Info:    Font shape `OT1/phv/bx/n' in size <14.4> not available
(Font)              Font shape `OT1/phv/b/n' tried instead on input line 6.
LaTeX Font Info:    Font shape `OT1/phv/b/n' will be
(Font)              scaled to size 12.9599pt on input line 6.
)
\tf@toc=\write4
 [9

] [10]
Underfull \hbox (badness 10000) in paragraph at lines 168--168

 []

(H:\Projects\JavaForMC\Docs\Report\Report.lof)
\tf@lof=\write5
 [11

] [12

]
Underfull \hbox (badness 10000) in paragraph at lines 168--168

 []

(H:\Projects\JavaForMC\Docs\Report\Report.lot)
\tf@lot=\write6
 [13

] [14

]
(H:\Projects\JavaForMC\Docs\Report\chapters/introduccio.tex
LaTeX Font Info:    Font shape `OT1/phv/m/n' will be
(Font)              scaled to size 8.09995pt on input line 4.
LaTeX Font Info:    Font shape `OT1/phv/m/it' in size <12> not available
(Font)              Font shape `OT1/phv/m/sl' tried instead on input line 6.
LaTeX Font Info:    Font shape `OT1/phv/m/sl' will be
(Font)              scaled to size 10.79993pt on input line 6.
)
(H:\Projects\JavaForMC\Docs\Report\chapters/compaginacio.tex [1




] [2

]
Cap\'{\i }tol 1.
LaTeX Font Info:    Font shape `OT1/phv/m/n' will be
(Font)              scaled to size 15.55188pt on input line 3.
LaTeX Font Info:    Font shape `OT1/phv/bx/n' in size <17.28> not available
(Font)              Font shape `OT1/phv/b/n' tried instead on input line 3.
LaTeX Font Info:    Font shape `OT1/phv/b/n' will be
(Font)              scaled to size 15.55188pt on input line 3.
[3

]) (H:\Projects\JavaForMC\Docs\Report\chapters/organitzacio.tex
LaTeX Font Info:    Font shape `OT1/phv/m/n' will be
(Font)              scaled to size 8.99994pt on input line 1.
 [4]
Cap\'{\i }tol 2.
[5

] [6]
File: ./setup/EETAC-positiu-negre.png Graphic file (type png)
 <use ./setup/EETAC-positiu-negre.png>
Package pdftex.def Info: ./setup/EETAC-positiu-negre.png used on input line 84.

(pdftex.def)             Requested size: 213.39566pt x 56.85992pt.
File: ./setup/EETAC-positiu-negre.png Graphic file (type png)

<use ./setup/EETAC-positiu-negre.png>
Package pdftex.def Info: ./setup/EETAC-positiu-negre.png used on input line 122
.
(pdftex.def)             Requested size: 134.26378pt x 35.77504pt.
File: ./setup/EETAC-positiu-negre.png Graphic file (type png)
 <use ./setup/EETAC-positiu-negre.png>
Package pdftex.def Info: ./setup/EETAC-positiu-negre.png used on input line 123
.
(pdftex.def)             Requested size: 134.26378pt x 35.77504pt.
File: ./setup/EETAC-positiu-negre.png Graphic file (type png)

<use ./setup/EETAC-positiu-negre.png>
Package pdftex.def Info: ./setup/EETAC-positiu-negre.png used on input line 124
.
(pdftex.def)             Requested size: 134.26378pt x 35.77504pt.
File: ./setup/EETAC-positiu-negre.png Graphic file (type png)
 <use ./setup/EETAC-positiu-negre.png>
Package pdftex.def Info: ./setup/EETAC-positiu-negre.png used on input line 125
.
(pdftex.def)             Requested size: 134.26378pt x 35.77504pt.
File: ./setup/EETAC-positiu-negre.png Graphic file (type png)

<use ./setup/EETAC-positiu-negre.png>
Package pdftex.def Info: ./setup/EETAC-positiu-negre.png used on input line 126
.
(pdftex.def)             Requested size: 134.26378pt x 35.77504pt.
File: ./setup/EETAC-positiu-negre.png Graphic file (type png)
 <use ./setup/EETAC-positiu-negre.png>
Package pdftex.def Info: ./setup/EETAC-positiu-negre.png used on input line 127
.
(pdftex.def)             Requested size: 134.26378pt x 35.77504pt.

[7] [8]) (H:\Projects\JavaForMC\Docs\Report\chapters/conclusions.tex [9]
[10

]) [11

] [12

] (H:\Projects\JavaForMC\Docs\Report\Report.brf)
\tf@brf=\write7
 [13

] [14

]
[15] (H:\Projects\JavaForMC\Docs\Report\appendix/prova.tex [16

]
Ap\`endix A.
)
Package atveryend Info: Empty hook `BeforeClearDocument' on input line 257.
 [17

]
Package atveryend Info: Empty hook `AfterLastShipout' on input line 257.
 (H:\Projects\JavaForMC\Docs\Report\Report.aux)
Package atveryend Info: Executing hook `AtVeryEndDocument' on input line 257.
Package atveryend Info: Executing hook `AtEndAfterFileList' on input line 257.
Package rerunfilecheck Info: File `Report.out' has not changed.
(rerunfilecheck)             Checksum: 600A0880145B36659E1E300BBB63FEC1;1847.
Package rerunfilecheck Info: File `Report.brf' has not changed.
(rerunfilecheck)             Checksum: 788F4B29E753233741961DBA1B303B3D;51.
Package atveryend Info: Empty hook `AtVeryVeryEnd' on input line 257.
 ) 
Here is how much of TeX's memory you used:
 8178 strings out of 493921
 115105 string characters out of 3147284
 207043 words of memory out of 3000000
 11175 multiletter control sequences out of 15000+200000
 40278 words of font info for 79 fonts, out of 3000000 for 9000
 843 hyphenation exceptions out of 8191
 34i,13n,45p,756b,461s stack positions out of 5000i,500n,10000p,200000b,50000s
{C:/Program Files/MiKTeX 2.9/fonts/enc/dvips/fontname/8r.enc}<C:/Program File
s/MiKTeX 2.9/fonts/type1/public/amsfonts/cm/cmr10.pfb><C:/Program Files/MiKTeX 
2.9/fonts/type1/public/amsfonts/cm/cmsy10.pfb><C:/Program Files/MiKTeX 2.9/font
s/type1/urw/courier/ucrr8a.pfb><C:/Program Files/MiKTeX 2.9/fonts/type1/urw/hel
vetic/uhvb8a.pfb><C:/Program Files/MiKTeX 2.9/fonts/type1/urw/helvetic/uhvr8a.p
fb><C:/Program Files/MiKTeX 2.9/fonts/type1/urw/helvetic/uhvro8a.pfb><C:/Progra
m Files/MiKTeX 2.9/fonts/type1/urw/symbol/usyr.pfb><C:/Program Files/MiKTeX 2.9
/fonts/type1/urw/times/utmr8a.pfb><C:/Program Files/MiKTeX 2.9/fonts/type1/urw/
times/utmri8a.pfb>
Output written on Report.pdf (31 pages, 146757 bytes).
PDF statistics:
 366 PDF objects out of 1000 (max. 8388607)
 80 named destinations out of 1000 (max. 500000)
 230 words of extra memory for PDF output out of 10000 (max. 10000000)

